<?xml version="1.0" encoding="UTF-8"?>
<testng-results ignored="0" total="1" passed="1" failed="0" skipped="0">
  <reporter-output>
  </reporter-output>
  <suite started-at="2025-08-13T11:09:44 IST" name="Default suite" finished-at="2025-08-13T11:09:50 IST" duration-ms="6510">
    <groups>
    </groups>
    <test started-at="2025-08-13T11:09:44 IST" name="Default test" finished-at="2025-08-13T11:09:50 IST" duration-ms="6510">
      <class name="testDemo1.Application1">
        <test-method is-config="true" signature="launchBrowser()[pri:0, instance:testDemo1.Application1@5e5d171f]" started-at="2025-08-13T11:09:44 IST" name="launchBrowser" finished-at="2025-08-13T11:09:46 IST" duration-ms="1682" status="PASS">
          <reporter-output>
          </reporter-output>
        </test-method> <!-- launchBrowser -->
        <test-method signature="registerNewUser()[pri:0, instance:testDemo1.Application1@5e5d171f]" started-at="2025-08-13T11:09:46 IST" name="registerNewUser" finished-at="2025-08-13T11:09:50 IST" duration-ms="4536" status="PASS">
          <reporter-output>
          </reporter-output>
        </test-method> <!-- registerNewUser -->
        <test-method is-config="true" signature="tearDown()[pri:0, instance:testDemo1.Application1@5e5d171f]" started-at="2025-08-13T11:09:50 IST" name="tearDown" finished-at="2025-08-13T11:09:50 IST" duration-ms="244" status="PASS">
          <reporter-output>
          </reporter-output>
        </test-method> <!-- tearDown -->
      </class> <!-- testDemo1.Application1 -->
    </test> <!-- Default test -->
  </suite> <!-- Default suite -->
</testng-results>
