<?xml version="1.0" encoding="UTF-8"?>
<!-- Generated by org.testng.reporters.JUnitXMLReporter -->
<testsuite ignored="0" hostname="GAGAN" failures="0" tests="6" name="Default test" time="6.821" errors="0" timestamp="2025-08-14T16:27:26 IST">
  <testcase classname="testDemo2.BaseTest1" name="fillPracticeForm" time="4.642"/>
  <testcase classname="testDemo2.MultipleGroupsTest" name="addProductToCart" time="0.001"/>
  <testcase classname="testDemo2.MultipleGroupsTest" name="loginWithInvalidCredentials" time="0.002"/>
  <testcase classname="testDemo2.MultipleGroupsTest" name="loginWithValidCredentials" time="0.001"/>
  <testcase classname="testDemo2.MultipleGroupsTest" name="processPayment" time="0.0"/>
  <testcase classname="testDemo2.MultipleGroupsTest" name="placeOrder" time="0.001"/>
</testsuite> <!-- Default test -->
