<?xml version="1.0" encoding="UTF-8"?>
<testng-results ignored="0" total="1" passed="1" failed="0" skipped="0">
  <reporter-output>
  </reporter-output>
  <suite started-at="2025-08-12T17:06:02 IST" name="Default suite" finished-at="2025-08-12T17:06:13 IST" duration-ms="10973">
    <groups>
    </groups>
    <test started-at="2025-08-12T17:06:02 IST" name="Default test" finished-at="2025-08-12T17:06:13 IST" duration-ms="10973">
      <class name="testDemo2.BaseTest1">
        <test-method is-config="true" signature="launchBrowser()[pri:0, instance:testDemo2.BaseTest1@6f4a47c7]" started-at="2025-08-12T17:06:02 IST" name="launchBrowser" finished-at="2025-08-12T17:06:05 IST" duration-ms="2606" status="PASS">
          <reporter-output>
          </reporter-output>
        </test-method> <!-- launchBrowser -->
        <test-method signature="fillPracticeForm()[pri:0, instance:testDemo2.BaseTest1@6f4a47c7]" started-at="2025-08-12T17:06:05 IST" name="fillPracticeForm" finished-at="2025-08-12T17:06:13 IST" duration-ms="8137" status="PASS">
          <reporter-output>
          </reporter-output>
        </test-method> <!-- fillPracticeForm -->
        <test-method is-config="true" signature="tearDown()[pri:0, instance:testDemo2.BaseTest1@6f4a47c7]" started-at="2025-08-12T17:06:13 IST" name="tearDown" finished-at="2025-08-12T17:06:13 IST" duration-ms="194" status="PASS">
          <reporter-output>
          </reporter-output>
        </test-method> <!-- tearDown -->
      </class> <!-- testDemo2.BaseTest1 -->
    </test> <!-- Default test -->
  </suite> <!-- Default suite -->
</testng-results>
