<?xml version="1.0" encoding="UTF-8"?>
<!-- Generated by org.testng.reporters.JUnitXMLReporter -->
<testsuite ignored="9" hostname="GAGAN" failures="0" tests="3" name="Test" time="0.061" errors="0" timestamp="2025-08-16T09:51:33 IST">
  <testcase classname="testDemo2.GroupTest" name="Test2" time="0.01"/>
  <testcase classname="testDemo2.GroupTest" name="Test3" time="0.002"/>
  <testcase classname="testDemo2.GroupTest" name="Test5" time="0.001"/>
  <testcase classname="testDemo2.GroupTest" name="Test4" time="0.0">
    <ignored/>
  </testcase> <!-- Test4 -->
  <testcase classname="testDemo2.BaseTest1" name="fillPracticeForm" time="0.0">
    <ignored/>
  </testcase> <!-- fillPracticeForm -->
  <testcase classname="testDemo2.GroupTest" name="Test6" time="0.0">
    <ignored/>
  </testcase> <!-- Test6 -->
  <testcase classname="testDemo2.GroupTest" name="Test1" time="0.0">
    <ignored/>
  </testcase> <!-- Test1 -->
  <testcase classname="testDemo2.MultipleGroupsTest" name="processPayment" time="0.0">
    <ignored/>
  </testcase> <!-- processPayment -->
  <testcase classname="testDemo2.MultipleGroupsTest" name="addProductToCart" time="0.0">
    <ignored/>
  </testcase> <!-- addProductToCart -->
  <testcase classname="testDemo2.MultipleGroupsTest" name="loginWithValidCredentials" time="0.0">
    <ignored/>
  </testcase> <!-- loginWithValidCredentials -->
  <testcase classname="testDemo2.MultipleGroupsTest" name="loginWithInvalidCredentials" time="0.0">
    <ignored/>
  </testcase> <!-- loginWithInvalidCredentials -->
  <testcase classname="testDemo2.MultipleGroupsTest" name="placeOrder" time="0.0">
    <ignored/>
  </testcase> <!-- placeOrder -->
</testsuite> <!-- Test -->
